This file contains any messages produced by compilers while
running configure, to aid debugging if configure makes a mistake.

It was created by wput configure 0.6, which was
generated by GNU Autoconf 2.61.  Invocation command line was

  $ ./configure 

## --------- ##
## Platform. ##
## --------- ##

hostname = sandb-heating
uname -m = armv6l
uname -r = 3.18.11+
uname -s = Linux
uname -v = #781 PREEMPT Tue Apr 21 18:02:18 BST 2015

/usr/bin/uname -p = unknown
/bin/uname -X     = unknown

/bin/arch              = unknown
/usr/bin/arch -k       = unknown
/usr/convex/getsysinfo = unknown
/usr/bin/hostinfo      = unknown
/bin/machine           = unknown
/usr/bin/oslevel       = unknown
/bin/universe          = unknown

PATH: /usr/local/sbin
PATH: /usr/local/bin
PATH: /usr/sbin
PATH: /usr/bin
PATH: /sbin
PATH: /bin
PATH: /usr/local/games
PATH: /usr/games


## ----------- ##
## Core tests. ##
## ----------- ##

configure:1824: checking for gcc
configure:1840: found /usr/bin/gcc
configure:1851: result: gcc
configure:2089: checking for C compiler version
configure:2096: gcc --version >&5
gcc (Debian 4.6.3-14+rpi1) 4.6.3
Copyright (C) 2011 Free Software Foundation, Inc.
This is free software; see the source for copying conditions.  There is NO
warranty; not even for MERCHANTABILITY or FITNESS FOR A PARTICULAR PURPOSE.

configure:2099: $? = 0
configure:2106: gcc -v >&5
Using built-in specs.
COLLECT_GCC=gcc
COLLECT_LTO_WRAPPER=/usr/lib/gcc/arm-linux-gnueabihf/4.6/lto-wrapper
Target: arm-linux-gnueabihf
Configured with: ../src/configure -v --with-pkgversion='Debian 4.6.3-14+rpi1' --with-bugurl=file:///usr/share/doc/gcc-4.6/README.Bugs --enable-languages=c,c++,fortran,objc,obj-c++ --prefix=/usr --program-suffix=-4.6 --enable-shared --enable-linker-build-id --with-system-zlib --libexecdir=/usr/lib --without-included-gettext --enable-threads=posix --with-gxx-include-dir=/usr/include/c++/4.6 --libdir=/usr/lib --enable-nls --with-sysroot=/ --enable-clocale=gnu --enable-libstdcxx-debug --enable-libstdcxx-time=yes --enable-gnu-unique-object --enable-plugin --enable-objc-gc --disable-sjlj-exceptions --with-arch=armv6 --with-fpu=vfp --with-float=hard --enable-checking=release --build=arm-linux-gnueabihf --host=arm-linux-gnueabihf --target=arm-linux-gnueabihf
Thread model: posix
gcc version 4.6.3 (Debian 4.6.3-14+rpi1) 
configure:2109: $? = 0
configure:2116: gcc -V >&5
gcc: error: unrecognized option '-V'
gcc: fatal error: no input files
compilation terminated.
configure:2119: $? = 4
configure:2142: checking for C compiler default output file name
configure:2169: gcc  -Wall  -g   conftest.c  >&5
configure:2172: $? = 0
configure:2210: result: a.out
configure:2227: checking whether the C compiler works
configure:2237: ./a.out
configure:2240: $? = 0
configure:2257: result: yes
configure:2264: checking whether we are cross compiling
configure:2266: result: no
configure:2269: checking for suffix of executables
configure:2276: gcc -o conftest  -Wall  -g   conftest.c  >&5
configure:2279: $? = 0
configure:2303: result: 
configure:2309: checking for suffix of object files
configure:2335: gcc -c  -Wall  -g  conftest.c >&5
configure:2338: $? = 0
configure:2361: result: o
configure:2365: checking whether we are using the GNU C compiler
configure:2394: gcc -c  -Wall  -g  conftest.c >&5
configure:2400: $? = 0
configure:2417: result: yes
configure:2422: checking whether gcc accepts -g
configure:2452: gcc -c -g  conftest.c >&5
configure:2458: $? = 0
configure:2557: result: yes
configure:2574: checking for gcc option to accept ISO C89
configure:2648: gcc  -c  -Wall  -g  conftest.c >&5
configure:2654: $? = 0
configure:2677: result: none needed
configure:2701: checking how to run the C preprocessor
configure:2741: gcc -E  conftest.c
configure:2747: $? = 0
configure:2778: gcc -E  conftest.c
conftest.c:8:28: fatal error: ac_nonexistent.h: No such file or directory
compilation terminated.
configure:2784: $? = 1
configure: failed program was:
| /* confdefs.h.  */
| #define PACKAGE_NAME "wput"
| #define PACKAGE_TARNAME "wput"
| #define PACKAGE_VERSION "0.6"
| #define PACKAGE_STRING "wput 0.6"
| #define PACKAGE_BUGREPORT ""
| /* end confdefs.h.  */
| #include <ac_nonexistent.h>
configure:2817: result: gcc -E
configure:2846: gcc -E  conftest.c
configure:2852: $? = 0
configure:2883: gcc -E  conftest.c
conftest.c:8:28: fatal error: ac_nonexistent.h: No such file or directory
compilation terminated.
configure:2889: $? = 1
configure: failed program was:
| /* confdefs.h.  */
| #define PACKAGE_NAME "wput"
| #define PACKAGE_TARNAME "wput"
| #define PACKAGE_VERSION "0.6"
| #define PACKAGE_STRING "wput 0.6"
| #define PACKAGE_BUGREPORT ""
| /* end confdefs.h.  */
| #include <ac_nonexistent.h>
configure:2927: checking for grep that handles long lines and -e
configure:3001: result: /bin/grep
configure:3006: checking for egrep
configure:3084: result: /bin/grep -E
configure:3089: checking for ANSI C header files
configure:3119: gcc -c  -Wall  -g  conftest.c >&5
configure:3125: $? = 0
configure:3224: gcc -o conftest  -Wall  -g   conftest.c  >&5
configure:3227: $? = 0
configure:3233: ./conftest
configure:3236: $? = 0
configure:3253: result: yes
configure:3277: checking for sys/types.h
configure:3298: gcc -c  -Wall  -g  conftest.c >&5
configure:3304: $? = 0
configure:3320: result: yes
configure:3277: checking for sys/stat.h
configure:3298: gcc -c  -Wall  -g  conftest.c >&5
configure:3304: $? = 0
configure:3320: result: yes
configure:3277: checking for stdlib.h
configure:3298: gcc -c  -Wall  -g  conftest.c >&5
configure:3304: $? = 0
configure:3320: result: yes
configure:3277: checking for string.h
configure:3298: gcc -c  -Wall  -g  conftest.c >&5
configure:3304: $? = 0
configure:3320: result: yes
configure:3277: checking for memory.h
configure:3298: gcc -c  -Wall  -g  conftest.c >&5
configure:3304: $? = 0
configure:3320: result: yes
configure:3277: checking for strings.h
configure:3298: gcc -c  -Wall  -g  conftest.c >&5
configure:3304: $? = 0
configure:3320: result: yes
configure:3277: checking for inttypes.h
configure:3298: gcc -c  -Wall  -g  conftest.c >&5
configure:3304: $? = 0
configure:3320: result: yes
configure:3277: checking for stdint.h
configure:3298: gcc -c  -Wall  -g  conftest.c >&5
configure:3304: $? = 0
configure:3320: result: yes
configure:3277: checking for unistd.h
configure:3298: gcc -c  -Wall  -g  conftest.c >&5
configure:3304: $? = 0
configure:3320: result: yes
configure:3347: checking sys/ioctl.h usability
configure:3364: gcc -c  -Wall  -g  conftest.c >&5
configure:3370: $? = 0
configure:3384: result: yes
configure:3388: checking sys/ioctl.h presence
configure:3403: gcc -E  conftest.c
configure:3409: $? = 0
configure:3423: result: yes
configure:3451: checking for sys/ioctl.h
configure:3459: result: yes
configure:3490: checking sys/termio.h usability
configure:3507: gcc -c  -Wall  -g  conftest.c >&5
conftest.c:53:24: fatal error: sys/termio.h: No such file or directory
compilation terminated.
configure:3513: $? = 1
configure: failed program was:
| /* confdefs.h.  */
| #define PACKAGE_NAME "wput"
| #define PACKAGE_TARNAME "wput"
| #define PACKAGE_VERSION "0.6"
| #define PACKAGE_STRING "wput 0.6"
| #define PACKAGE_BUGREPORT ""
| #define STDC_HEADERS 1
| #define HAVE_SYS_TYPES_H 1
| #define HAVE_SYS_STAT_H 1
| #define HAVE_STDLIB_H 1
| #define HAVE_STRING_H 1
| #define HAVE_MEMORY_H 1
| #define HAVE_STRINGS_H 1
| #define HAVE_INTTYPES_H 1
| #define HAVE_STDINT_H 1
| #define HAVE_UNISTD_H 1
| #define HAVE_SYS_IOCTL_H 1
| #define HAVE_IOCTL 1
| /* end confdefs.h.  */
| #include <stdio.h>
| #ifdef HAVE_SYS_TYPES_H
| # include <sys/types.h>
| #endif
| #ifdef HAVE_SYS_STAT_H
| # include <sys/stat.h>
| #endif
| #ifdef STDC_HEADERS
| # include <stdlib.h>
| # include <stddef.h>
| #else
| # ifdef HAVE_STDLIB_H
| #  include <stdlib.h>
| # endif
| #endif
| #ifdef HAVE_STRING_H
| # if !defined STDC_HEADERS && defined HAVE_MEMORY_H
| #  include <memory.h>
| # endif
| # include <string.h>
| #endif
| #ifdef HAVE_STRINGS_H
| # include <strings.h>
| #endif
| #ifdef HAVE_INTTYPES_H
| # include <inttypes.h>
| #endif
| #ifdef HAVE_STDINT_H
| # include <stdint.h>
| #endif
| #ifdef HAVE_UNISTD_H
| # include <unistd.h>
| #endif
| #include <sys/termio.h>
configure:3527: result: no
configure:3531: checking sys/termio.h presence
configure:3546: gcc -E  conftest.c
conftest.c:20:24: fatal error: sys/termio.h: No such file or directory
compilation terminated.
configure:3552: $? = 1
configure: failed program was:
| /* confdefs.h.  */
| #define PACKAGE_NAME "wput"
| #define PACKAGE_TARNAME "wput"
| #define PACKAGE_VERSION "0.6"
| #define PACKAGE_STRING "wput 0.6"
| #define PACKAGE_BUGREPORT ""
| #define STDC_HEADERS 1
| #define HAVE_SYS_TYPES_H 1
| #define HAVE_SYS_STAT_H 1
| #define HAVE_STDLIB_H 1
| #define HAVE_STRING_H 1
| #define HAVE_MEMORY_H 1
| #define HAVE_STRINGS_H 1
| #define HAVE_INTTYPES_H 1
| #define HAVE_STDINT_H 1
| #define HAVE_UNISTD_H 1
| #define HAVE_SYS_IOCTL_H 1
| #define HAVE_IOCTL 1
| /* end confdefs.h.  */
| #include <sys/termio.h>
configure:3566: result: no
configure:3594: checking for sys/termio.h
configure:3602: result: no
configure:3633: checking termio.h usability
configure:3650: gcc -c  -Wall  -g  conftest.c >&5
configure:3656: $? = 0
configure:3670: result: yes
configure:3674: checking termio.h presence
configure:3689: gcc -E  conftest.c
configure:3695: $? = 0
configure:3709: result: yes
configure:3737: checking for termio.h
configure:3745: result: yes
configure:3776: checking sys/winsize.h usability
configure:3793: gcc -c  -Wall  -g  conftest.c >&5
conftest.c:55:25: fatal error: sys/winsize.h: No such file or directory
compilation terminated.
configure:3799: $? = 1
configure: failed program was:
| /* confdefs.h.  */
| #define PACKAGE_NAME "wput"
| #define PACKAGE_TARNAME "wput"
| #define PACKAGE_VERSION "0.6"
| #define PACKAGE_STRING "wput 0.6"
| #define PACKAGE_BUGREPORT ""
| #define STDC_HEADERS 1
| #define HAVE_SYS_TYPES_H 1
| #define HAVE_SYS_STAT_H 1
| #define HAVE_STDLIB_H 1
| #define HAVE_STRING_H 1
| #define HAVE_MEMORY_H 1
| #define HAVE_STRINGS_H 1
| #define HAVE_INTTYPES_H 1
| #define HAVE_STDINT_H 1
| #define HAVE_UNISTD_H 1
| #define HAVE_SYS_IOCTL_H 1
| #define HAVE_IOCTL 1
| #define HAVE_TERMIO_H 1
| #define HAVE_TERMIO 1
| /* end confdefs.h.  */
| #include <stdio.h>
| #ifdef HAVE_SYS_TYPES_H
| # include <sys/types.h>
| #endif
| #ifdef HAVE_SYS_STAT_H
| # include <sys/stat.h>
| #endif
| #ifdef STDC_HEADERS
| # include <stdlib.h>
| # include <stddef.h>
| #else
| # ifdef HAVE_STDLIB_H
| #  include <stdlib.h>
| # endif
| #endif
| #ifdef HAVE_STRING_H
| # if !defined STDC_HEADERS && defined HAVE_MEMORY_H
| #  include <memory.h>
| # endif
| # include <string.h>
| #endif
| #ifdef HAVE_STRINGS_H
| # include <strings.h>
| #endif
| #ifdef HAVE_INTTYPES_H
| # include <inttypes.h>
| #endif
| #ifdef HAVE_STDINT_H
| # include <stdint.h>
| #endif
| #ifdef HAVE_UNISTD_H
| # include <unistd.h>
| #endif
| #include <sys/winsize.h>
configure:3813: result: no
configure:3817: checking sys/winsize.h presence
configure:3832: gcc -E  conftest.c
conftest.c:22:25: fatal error: sys/winsize.h: No such file or directory
compilation terminated.
configure:3838: $? = 1
configure: failed program was:
| /* confdefs.h.  */
| #define PACKAGE_NAME "wput"
| #define PACKAGE_TARNAME "wput"
| #define PACKAGE_VERSION "0.6"
| #define PACKAGE_STRING "wput 0.6"
| #define PACKAGE_BUGREPORT ""
| #define STDC_HEADERS 1
| #define HAVE_SYS_TYPES_H 1
| #define HAVE_SYS_STAT_H 1
| #define HAVE_STDLIB_H 1
| #define HAVE_STRING_H 1
| #define HAVE_MEMORY_H 1
| #define HAVE_STRINGS_H 1
| #define HAVE_INTTYPES_H 1
| #define HAVE_STDINT_H 1
| #define HAVE_UNISTD_H 1
| #define HAVE_SYS_IOCTL_H 1
| #define HAVE_IOCTL 1
| #define HAVE_TERMIO_H 1
| #define HAVE_TERMIO 1
| /* end confdefs.h.  */
| #include <sys/winsize.h>
configure:3852: result: no
configure:3880: checking for sys/winsize.h
configure:3888: result: no
configure:3919: checking locale.h usability
configure:3936: gcc -c  -Wall  -g  conftest.c >&5
configure:3942: $? = 0
configure:3956: result: yes
configure:3960: checking locale.h presence
configure:3975: gcc -E  conftest.c
configure:3981: $? = 0
configure:3995: result: yes
configure:4023: checking for locale.h
configure:4031: result: yes
configure:4062: checking libintl.h usability
configure:4079: gcc -c  -Wall  -g  conftest.c >&5
configure:4085: $? = 0
configure:4099: result: yes
configure:4103: checking libintl.h presence
configure:4118: gcc -E  conftest.c
configure:4124: $? = 0
configure:4138: result: yes
configure:4166: checking for libintl.h
configure:4174: result: yes
configure:4205: checking getopt.h usability
configure:4222: gcc -c  -Wall  -g  conftest.c >&5
configure:4228: $? = 0
configure:4242: result: yes
configure:4246: checking getopt.h presence
configure:4261: gcc -E  conftest.c
configure:4267: $? = 0
configure:4281: result: yes
configure:4309: checking for getopt.h
configure:4317: result: yes
configure:4326: checking for library containing getopt_long
configure:4367: gcc -o conftest  -Wall  -g   conftest.c  >&5
configure:4373: $? = 0
configure:4401: result: none required
configure:4654: checking whether make sets $(MAKE)
configure:4675: result: yes
configure:4728: checking for a BSD-compatible install
configure:4784: result: /usr/bin/install -c
configure:4809: checking whether NLS is requested
configure:4818: result: yes
configure:4856: checking for msgfmt
configure:4890: result: no
configure:4896: checking for gmsgfmt
configure:4927: result: :
configure:4967: checking for xgettext
configure:5001: result: no
configure:5038: checking for msgmerge
configure:5071: result: no
configure:5125: checking build system type
configure:5143: result: armv6l-unknown-linux-gnu
configure:5165: checking host system type
configure:5180: result: armv6l-unknown-linux-gnu
configure:5226: checking for ld used by GCC
configure:5290: result: /usr/bin/ld
configure:5299: checking if the linker (/usr/bin/ld) is GNU ld
configure:5312: result: yes
configure:5318: checking for shared library run path origin
configure:5331: result: done
configure:5747: checking whether NLS is requested
configure:5756: result: yes
configure:5774: checking for GNU gettext in libc
configure:5803: gcc -o conftest  -Wall  -g   conftest.c  >&5
configure:5809: $? = 0
configure:5826: result: yes
configure:6516: checking whether to use NLS
configure:6518: result: yes
configure:6521: checking where the gettext function comes from
configure:6532: result: libc
configure:6616: checking for GNUTLS includes
configure:6618: result: ""
configure:6638: checking gnutls/gnutls.h, usability
configure:6655: gcc -c  -Wall  -g  -INONE/include conftest.c >&5
conftest.c:63:28: fatal error: gnutls/gnutls.h,: No such file or directory
compilation terminated.
configure:6661: $? = 1
configure: failed program was:
| /* confdefs.h.  */
| #define PACKAGE_NAME "wput"
| #define PACKAGE_TARNAME "wput"
| #define PACKAGE_VERSION "0.6"
| #define PACKAGE_STRING "wput 0.6"
| #define PACKAGE_BUGREPORT ""
| #define STDC_HEADERS 1
| #define HAVE_SYS_TYPES_H 1
| #define HAVE_SYS_STAT_H 1
| #define HAVE_STDLIB_H 1
| #define HAVE_STRING_H 1
| #define HAVE_MEMORY_H 1
| #define HAVE_STRINGS_H 1
| #define HAVE_INTTYPES_H 1
| #define HAVE_STDINT_H 1
| #define HAVE_UNISTD_H 1
| #define HAVE_SYS_IOCTL_H 1
| #define HAVE_IOCTL 1
| #define HAVE_TERMIO_H 1
| #define HAVE_TERMIO 1
| #define HAVE_LOCALE_H 1
| #define HAVE_LOCALE_H 1
| #define HAVE_LIBINTL_H 1
| #define HAVE_LIBINTL_H 1
| #define HAVE_GETOPT_H 1
| #define ENABLE_NLS 1
| #define HAVE_GETTEXT 1
| #define HAVE_DCGETTEXT 1
| /* end confdefs.h.  */
| #include <stdio.h>
| #ifdef HAVE_SYS_TYPES_H
| # include <sys/types.h>
| #endif
| #ifdef HAVE_SYS_STAT_H
| # include <sys/stat.h>
| #endif
| #ifdef STDC_HEADERS
| # include <stdlib.h>
| # include <stddef.h>
| #else
| # ifdef HAVE_STDLIB_H
| #  include <stdlib.h>
| # endif
| #endif
| #ifdef HAVE_STRING_H
| # if !defined STDC_HEADERS && defined HAVE_MEMORY_H
| #  include <memory.h>
| # endif
| # include <string.h>
| #endif
| #ifdef HAVE_STRINGS_H
| # include <strings.h>
| #endif
| #ifdef HAVE_INTTYPES_H
| # include <inttypes.h>
| #endif
| #ifdef HAVE_STDINT_H
| # include <stdint.h>
| #endif
| #ifdef HAVE_UNISTD_H
| # include <unistd.h>
| #endif
| #include <gnutls/gnutls.h,>
configure:6675: result: no
configure:6679: checking gnutls/gnutls.h, presence
configure:6694: gcc -E  -INONE/include conftest.c
conftest.c:30:28: fatal error: gnutls/gnutls.h,: No such file or directory
compilation terminated.
configure:6700: $? = 1
configure: failed program was:
| /* confdefs.h.  */
| #define PACKAGE_NAME "wput"
| #define PACKAGE_TARNAME "wput"
| #define PACKAGE_VERSION "0.6"
| #define PACKAGE_STRING "wput 0.6"
| #define PACKAGE_BUGREPORT ""
| #define STDC_HEADERS 1
| #define HAVE_SYS_TYPES_H 1
| #define HAVE_SYS_STAT_H 1
| #define HAVE_STDLIB_H 1
| #define HAVE_STRING_H 1
| #define HAVE_MEMORY_H 1
| #define HAVE_STRINGS_H 1
| #define HAVE_INTTYPES_H 1
| #define HAVE_STDINT_H 1
| #define HAVE_UNISTD_H 1
| #define HAVE_SYS_IOCTL_H 1
| #define HAVE_IOCTL 1
| #define HAVE_TERMIO_H 1
| #define HAVE_TERMIO 1
| #define HAVE_LOCALE_H 1
| #define HAVE_LOCALE_H 1
| #define HAVE_LIBINTL_H 1
| #define HAVE_LIBINTL_H 1
| #define HAVE_GETOPT_H 1
| #define ENABLE_NLS 1
| #define HAVE_GETTEXT 1
| #define HAVE_DCGETTEXT 1
| /* end confdefs.h.  */
| #include <gnutls/gnutls.h,>
configure:6714: result: no
configure:6742: checking for gnutls/gnutls.h,
configure:6750: result: no
configure:6638: checking gnutls/openssl.h usability
configure:6655: gcc -c  -Wall  -g  -INONE/include conftest.c >&5
conftest.c:63:28: fatal error: gnutls/openssl.h: No such file or directory
compilation terminated.
configure:6661: $? = 1
configure: failed program was:
| /* confdefs.h.  */
| #define PACKAGE_NAME "wput"
| #define PACKAGE_TARNAME "wput"
| #define PACKAGE_VERSION "0.6"
| #define PACKAGE_STRING "wput 0.6"
| #define PACKAGE_BUGREPORT ""
| #define STDC_HEADERS 1
| #define HAVE_SYS_TYPES_H 1
| #define HAVE_SYS_STAT_H 1
| #define HAVE_STDLIB_H 1
| #define HAVE_STRING_H 1
| #define HAVE_MEMORY_H 1
| #define HAVE_STRINGS_H 1
| #define HAVE_INTTYPES_H 1
| #define HAVE_STDINT_H 1
| #define HAVE_UNISTD_H 1
| #define HAVE_SYS_IOCTL_H 1
| #define HAVE_IOCTL 1
| #define HAVE_TERMIO_H 1
| #define HAVE_TERMIO 1
| #define HAVE_LOCALE_H 1
| #define HAVE_LOCALE_H 1
| #define HAVE_LIBINTL_H 1
| #define HAVE_LIBINTL_H 1
| #define HAVE_GETOPT_H 1
| #define ENABLE_NLS 1
| #define HAVE_GETTEXT 1
| #define HAVE_DCGETTEXT 1
| /* end confdefs.h.  */
| #include <stdio.h>
| #ifdef HAVE_SYS_TYPES_H
| # include <sys/types.h>
| #endif
| #ifdef HAVE_SYS_STAT_H
| # include <sys/stat.h>
| #endif
| #ifdef STDC_HEADERS
| # include <stdlib.h>
| # include <stddef.h>
| #else
| # ifdef HAVE_STDLIB_H
| #  include <stdlib.h>
| # endif
| #endif
| #ifdef HAVE_STRING_H
| # if !defined STDC_HEADERS && defined HAVE_MEMORY_H
| #  include <memory.h>
| # endif
| # include <string.h>
| #endif
| #ifdef HAVE_STRINGS_H
| # include <strings.h>
| #endif
| #ifdef HAVE_INTTYPES_H
| # include <inttypes.h>
| #endif
| #ifdef HAVE_STDINT_H
| # include <stdint.h>
| #endif
| #ifdef HAVE_UNISTD_H
| # include <unistd.h>
| #endif
| #include <gnutls/openssl.h>
configure:6675: result: no
configure:6679: checking gnutls/openssl.h presence
configure:6694: gcc -E  -INONE/include conftest.c
conftest.c:30:28: fatal error: gnutls/openssl.h: No such file or directory
compilation terminated.
configure:6700: $? = 1
configure: failed program was:
| /* confdefs.h.  */
| #define PACKAGE_NAME "wput"
| #define PACKAGE_TARNAME "wput"
| #define PACKAGE_VERSION "0.6"
| #define PACKAGE_STRING "wput 0.6"
| #define PACKAGE_BUGREPORT ""
| #define STDC_HEADERS 1
| #define HAVE_SYS_TYPES_H 1
| #define HAVE_SYS_STAT_H 1
| #define HAVE_STDLIB_H 1
| #define HAVE_STRING_H 1
| #define HAVE_MEMORY_H 1
| #define HAVE_STRINGS_H 1
| #define HAVE_INTTYPES_H 1
| #define HAVE_STDINT_H 1
| #define HAVE_UNISTD_H 1
| #define HAVE_SYS_IOCTL_H 1
| #define HAVE_IOCTL 1
| #define HAVE_TERMIO_H 1
| #define HAVE_TERMIO 1
| #define HAVE_LOCALE_H 1
| #define HAVE_LOCALE_H 1
| #define HAVE_LIBINTL_H 1
| #define HAVE_LIBINTL_H 1
| #define HAVE_GETOPT_H 1
| #define ENABLE_NLS 1
| #define HAVE_GETTEXT 1
| #define HAVE_DCGETTEXT 1
| /* end confdefs.h.  */
| #include <gnutls/openssl.h>
configure:6714: result: no
configure:6742: checking for gnutls/openssl.h
configure:6750: result: no
configure:6879: checking for GNUTLS libraries
configure:6881: result: no
configure:6889: checking for long long
configure:6919: gcc -c  -Wall  -g  conftest.c >&5
configure:6925: $? = 0
configure:6940: result: yes
configure:6953: checking for unsigned long long
configure:6983: gcc -c  -Wall  -g  conftest.c >&5
configure:6989: $? = 0
configure:7004: result: yes
configure:7018: checking for int
configure:7048: gcc -c  -Wall  -g  conftest.c >&5
configure:7054: $? = 0
configure:7069: result: yes
configure:7076: checking size of int
configure:7378: gcc -o conftest  -Wall  -g   conftest.c  >&5
configure:7381: $? = 0
configure:7387: ./conftest
configure:7390: $? = 0
configure:7413: result: 4
configure:7423: checking for short
configure:7453: gcc -c  -Wall  -g  conftest.c >&5
configure:7459: $? = 0
configure:7474: result: yes
configure:7481: checking size of short
configure:7783: gcc -o conftest  -Wall  -g   conftest.c  >&5
configure:7786: $? = 0
configure:7792: ./conftest
configure:7795: $? = 0
configure:7818: result: 2
configure:7963: creating ./config.status

## ---------------------- ##
## Running config.status. ##
## ---------------------- ##

This file was extended by wput config.status 0.6, which was
generated by GNU Autoconf 2.61.  Invocation command line was

  CONFIG_FILES    = 
  CONFIG_HEADERS  = 
  CONFIG_LINKS    = 
  CONFIG_COMMANDS = 
  $ ./config.status 

on sandb-heating

config.status:641: creating Makefile
config.status:641: creating src/Makefile
config.status:641: creating po/Makefile.in
config.status:776: WARNING:  po/Makefile.in.in seems to ignore the --datarootdir setting
config.status:641: creating src/config.h
config.status:887: executing default-1 commands

## ---------------- ##
## Cache variables. ##
## ---------------- ##

ac_cv_build=armv6l-unknown-linux-gnu
ac_cv_c_compiler_gnu=yes
ac_cv_env_CC_set=
ac_cv_env_CC_value=
ac_cv_env_CFLAGS_set=
ac_cv_env_CFLAGS_value=
ac_cv_env_CPPFLAGS_set=
ac_cv_env_CPPFLAGS_value=
ac_cv_env_CPP_set=
ac_cv_env_CPP_value=
ac_cv_env_LDFLAGS_set=
ac_cv_env_LDFLAGS_value=
ac_cv_env_LIBS_set=
ac_cv_env_LIBS_value=
ac_cv_env_build_alias_set=
ac_cv_env_build_alias_value=
ac_cv_env_host_alias_set=
ac_cv_env_host_alias_value=
ac_cv_env_target_alias_set=
ac_cv_env_target_alias_value=
ac_cv_header_getopt_h=yes
ac_cv_header_gnutls_gnutls_h_=no
ac_cv_header_gnutls_openssl_h=no
ac_cv_header_inttypes_h=yes
ac_cv_header_libintl_h=yes
ac_cv_header_locale_h=yes
ac_cv_header_memory_h=yes
ac_cv_header_stdc=yes
ac_cv_header_stdint_h=yes
ac_cv_header_stdlib_h=yes
ac_cv_header_string_h=yes
ac_cv_header_strings_h=yes
ac_cv_header_sys_ioctl_h=yes
ac_cv_header_sys_stat_h=yes
ac_cv_header_sys_termio_h=no
ac_cv_header_sys_types_h=yes
ac_cv_header_sys_winsize_h=no
ac_cv_header_termio_h=yes
ac_cv_header_unistd_h=yes
ac_cv_host=armv6l-unknown-linux-gnu
ac_cv_objext=o
ac_cv_path_EGREP='/bin/grep -E'
ac_cv_path_GMSGFMT=:
ac_cv_path_GREP=/bin/grep
ac_cv_path_MSGFMT=:
ac_cv_path_MSGMERGE=:
ac_cv_path_XGETTEXT=:
ac_cv_path_install='/usr/bin/install -c'
ac_cv_prog_CPP='gcc -E'
ac_cv_prog_ac_ct_CC=gcc
ac_cv_prog_cc_c89=
ac_cv_prog_cc_g=yes
ac_cv_prog_make_make_set=yes
ac_cv_search_getopt_long='none required'
ac_cv_sizeof_int=4
ac_cv_sizeof_short=2
ac_cv_type_int=yes
ac_cv_type_long_long=yes
ac_cv_type_short=yes
ac_cv_type_unsigned_long_long=yes
acl_cv_hardcode_direct=no
acl_cv_hardcode_libdir_flag_spec='${wl}-rpath ${wl}$libdir'
acl_cv_hardcode_libdir_separator=
acl_cv_hardcode_minus_L=no
acl_cv_libext=a
acl_cv_path_LD=/usr/bin/ld
acl_cv_prog_gnu_ld=yes
acl_cv_rpath=done
acl_cv_shlibext=so
acl_cv_wl=-Wl,
gt_cv_func_gnugettext1_libc=yes

## ----------------- ##
## Output variables. ##
## ----------------- ##

CC='gcc'
CFLAGS=' -Wall  -g'
CPP='gcc -E'
CPPFLAGS=''
DEFS='-DHAVE_CONFIG_H'
ECHO_C=''
ECHO_N='-n'
ECHO_T=''
EGREP='/bin/grep -E'
EXEEXT=''
GETOPT=''
GMSGFMT=':'
GNUTLS_CFLAGS=''
GNUTLS_LIBS=''
GREP='/bin/grep'
INSTALL_DATA='${INSTALL} -m 644'
INSTALL_PROGRAM='${INSTALL}'
INSTALL_SCRIPT='${INSTALL}'
INTLLIBS=''
LDFLAGS=''
LIBICONV='-liconv'
LIBINTL=''
LIBOBJS=''
LIBS=''
LTLIBICONV='-liconv'
LTLIBINTL=''
LTLIBOBJS=''
MEMDBG=''
MKINSTALLDIRS='$(top_builddir)/./mkinstalldirs'
MSGFMT=':'
MSGMERGE=':'
OBJEXT='o'
PACKAGE='wput'
PACKAGE_BUGREPORT=''
PACKAGE_NAME='wput'
PACKAGE_STRING='wput 0.6'
PACKAGE_TARNAME='wput'
PACKAGE_VERSION='0.6'
PATH_SEPARATOR=':'
POSUB='po'
SET_MAKE=''
SHELL='/bin/bash'
USE_NLS='yes'
VERSION='0.6'
XGETTEXT=':'
ac_ct_CC='gcc'
bindir='${exec_prefix}/bin'
build='armv6l-unknown-linux-gnu'
build_alias=''
build_cpu='armv6l'
build_os='linux-gnu'
build_vendor='unknown'
datadir='${datarootdir}'
datarootdir='${prefix}/share'
docdir='${datarootdir}/doc/${PACKAGE_TARNAME}'
dvidir='${docdir}'
exec_prefix='${prefix}'
host='armv6l-unknown-linux-gnu'
host_alias=''
host_cpu='armv6l'
host_os='Linux'
host_vendor='unknown'
htmldir='${docdir}'
includedir='${prefix}/include'
infodir='${datarootdir}/info'
libdir='${exec_prefix}/lib'
libexecdir='${exec_prefix}/libexec'
localedir='${datarootdir}/locale'
localstatedir='${prefix}/var'
mandir='${datarootdir}/man'
oldincludedir='/usr/include'
pdfdir='${docdir}'
prefix='/usr/local'
program_transform_name='s,x,x,'
psdir='${docdir}'
sbindir='${exec_prefix}/sbin'
sharedstatedir='${prefix}/com'
sysconfdir='${prefix}/etc'
target_alias=''

## ----------- ##
## confdefs.h. ##
## ----------- ##

#define PACKAGE_NAME "wput"
#define PACKAGE_TARNAME "wput"
#define PACKAGE_VERSION "0.6"
#define PACKAGE_STRING "wput 0.6"
#define PACKAGE_BUGREPORT ""
#define STDC_HEADERS 1
#define HAVE_SYS_TYPES_H 1
#define HAVE_SYS_STAT_H 1
#define HAVE_STDLIB_H 1
#define HAVE_STRING_H 1
#define HAVE_MEMORY_H 1
#define HAVE_STRINGS_H 1
#define HAVE_INTTYPES_H 1
#define HAVE_STDINT_H 1
#define HAVE_UNISTD_H 1
#define HAVE_SYS_IOCTL_H 1
#define HAVE_IOCTL 1
#define HAVE_TERMIO_H 1
#define HAVE_TERMIO 1
#define HAVE_LOCALE_H 1
#define HAVE_LOCALE_H 1
#define HAVE_LIBINTL_H 1
#define HAVE_LIBINTL_H 1
#define HAVE_GETOPT_H 1
#define ENABLE_NLS 1
#define HAVE_GETTEXT 1
#define HAVE_DCGETTEXT 1
#define HAVE_LONG_LONG 1
#define HAVE_LONG_LONG 1
#define HAVE_UNSIGNED_LONG_LONG 1
#define HAVE_LONG_LONG 1
#define SIZEOF_INT 4
#define SIZEOF_SHORT 2

configure: exit 0
