23:08:07 **** Clean-only build of configuration Release for project Control ****
make clean 
make: *** No rule to make target `clean'. Stop.
23:08:08 **** Build of configuration Release for project Control ****
make all 
arduino/core/arduino/subdir.mk:53: warning: overriding commands for target `arduino/CDC.cpp.o'
arduino/core/robot/subdir.mk:73: warning: ignoring old commands for target `arduino/CDC.cpp.o'
arduino/core/arduino/subdir.mk:60: warning: overriding commands for target `arduino/HID.cpp.o'
arduino/core/robot/subdir.mk:80: warning: ignoring old commands for target `arduino/HID.cpp.o'
arduino/core/arduino/subdir.mk:67: warning: overriding commands for target `arduino/HardwareSerial.cpp.o'
arduino/core/robot/subdir.mk:87: warning: ignoring old commands for target `arduino/HardwareSerial.cpp.o'
arduino/core/arduino/subdir.mk:74: warning: overriding commands for target `arduino/IPAddress.cpp.o'
Building file: ../Control.cpp
arduino/core/robot/subdir.mk:94: warning: ignoring old commands for target `arduino/IPAddress.cpp.o'
Starting C++ compile
I"/usr/local/arduino-1.0.5/hardware/arduino/cores" -MMD -MP -MF"Control.cpp.d" -MT"Control.cpp.d" -x c++ "../Control.cpp"  "Control.cpp.o"
arduino/core/arduino/subdir.mk:81: warning: overriding commands for target `arduino/Print.cpp.o'
arduino/core/robot/subdir.mk:101: warning: ignoring old commands for target `arduino/Print.cpp.o'
Finished building: ../Control.cpp
 
Building file: /usr/local/arduino-1.0.5/hardware/arduino/cores/arduino/CDC.cpp
arduino/core/arduino/subdir.mk:88: warning: overriding commands for target `arduino/Stream.cpp.o'
arduino/core/robot/subdir.mk:108: warning: ignoring old commands for target `arduino/Stream.cpp.o'
Starting C++ compile
I"/usr/local/arduino-1.0.5/hardware/arduino/cores" -MMD -MP -MF"arduino/CDC.cpp.d" -MT"arduino/CDC.cpp.d" -x c++ "/usr/local/arduino-1.0.5/hardware/arduino/cores/arduino/CDC.cpp"  "arduino/CDC.cpp.o"
arduino/core/arduino/subdir.mk:95: warning: overriding commands for target `arduino/Tone.cpp.o'
arduino/core/robot/subdir.mk:115: warning: ignoring old commands for target `arduino/Tone.cpp.o'
Finished building: /usr/local/arduino-1.0.5/hardware/arduino/cores/arduino/CDC.cpp
arduino/core/arduino/subdir.mk:102: warning: overriding commands for target `arduino/USBCore.cpp.o'
arduino/core/robot/subdir.mk:122: warning: ignoring old commands for target `arduino/USBCore.cpp.o'
 
Building file: /usr/local/arduino-1.0.5/hardware/arduino/cores/arduino/HID.cpp
Starting C++ compile
I"/usr/local/arduino-1.0.5/hardware/arduino/cores" -MMD -MP -MF"arduino/HID.cpp.d" -MT"arduino/HID.cpp.d" -x c++ "/usr/local/arduino-1.0.5/hardware/arduino/cores/arduino/HID.cpp"  "arduino/HID.cpp.o"
arduino/core/arduino/subdir.mk:109: warning: overriding commands for target `arduino/WInterrupts.c.o'
arduino/core/robot/subdir.mk:129: warning: ignoring old commands for target `arduino/WInterrupts.c.o'
Finished building: /usr/local/arduino-1.0.5/hardware/arduino/cores/arduino/HID.cpp
 
Building file: /usr/local/arduino-1.0.5/hardware/arduino/cores/arduino/HardwareSerial.cpp
arduino/core/arduino/subdir.mk:116: warning: overriding commands for target `arduino/WMath.cpp.o'
arduino/core/robot/subdir.mk:136: warning: ignoring old commands for target `arduino/WMath.cpp.o'
Starting C++ compile
I"/usr/local/arduino-1.0.5/hardware/arduino/cores" -MMD -MP -MF"arduino/HardwareSerial.cpp.d" -MT"arduino/HardwareSerial.cpp.d" -x c++ "/usr/local/arduino-1.0.5/hardware/arduino/cores/arduino/HardwareSerial.cpp"  "arduino/HardwareSerial.cpp.o"
arduino/core/arduino/subdir.mk:123: warning: overriding commands for target `arduino/WString.cpp.o'
arduino/core/robot/subdir.mk:143: warning: ignoring old commands for target `arduino/WString.cpp.o'
Finished building: /usr/local/arduino-1.0.5/hardware/arduino/cores/arduino/HardwareSerial.cpp
 
Building file: /usr/local/arduino-1.0.5/hardware/arduino/cores/arduino/IPAddress.cpp
arduino/core/arduino/subdir.mk:130: warning: overriding commands for target `arduino/main.cpp.o'
arduino/core/robot/subdir.mk:150: warning: ignoring old commands for target `arduino/main.cpp.o'
Starting C++ compile
I"/usr/local/arduino-1.0.5/hardware/arduino/cores" -MMD -MP -MF"arduino/IPAddress.cpp.d" -MT"arduino/IPAddress.cpp.d" -x c++ "/usr/local/arduino-1.0.5/hardware/arduino/cores/arduino/IPAddress.cpp"  "arduino/IPAddress.cpp.o"
arduino/core/arduino/subdir.mk:137: warning: overriding commands for target `arduino/new.cpp.o'
arduino/core/robot/subdir.mk:157: warning: ignoring old commands for target `arduino/new.cpp.o'
Finished building: /usr/local/arduino-1.0.5/hardware/arduino/cores/arduino/IPAddress.cpp
 
Building file: /usr/local/arduino-1.0.5/hardware/arduino/cores/arduino/Print.cpp
arduino/core/arduino/subdir.mk:144: warning: overriding commands for target `arduino/wiring.c.o'
arduino/core/robot/subdir.mk:164: warning: ignoring old commands for target `arduino/wiring.c.o'
Starting C++ compile
I"/usr/local/arduino-1.0.5/hardware/arduino/cores" -MMD -MP -MF"arduino/Print.cpp.d" -MT"arduino/Print.cpp.d" -x c++ "/usr/local/arduino-1.0.5/hardware/arduino/cores/arduino/Print.cpp"  "arduino/Print.cpp.o"
arduino/core/arduino/subdir.mk:151: warning: overriding commands for target `arduino/wiring_analog.c.o'
arduino/core/robot/subdir.mk:171: warning: ignoring old commands for target `arduino/wiring_analog.c.o'
Finished building: /usr/local/arduino-1.0.5/hardware/arduino/cores/arduino/Print.cpp
 
Building file: /usr/local/arduino-1.0.5/hardware/arduino/cores/arduino/Stream.cpp
arduino/core/arduino/subdir.mk:158: warning: overriding commands for target `arduino/wiring_digital.c.o'
Starting C++ compile
I"/usr/local/arduino-1.0.5/hardware/arduino/cores" -MMD -MP -MF"arduino/Stream.cpp.d" -MT"arduino/Stream.cpp.d" -x c++ "/usr/local/arduino-1.0.5/hardware/arduino/cores/arduino/Stream.cpp"  "arduino/Stream.cpp.o"
arduino/core/robot/subdir.mk:178: warning: ignoring old commands for target `arduino/wiring_digital.c.o'
Finished building: /usr/local/arduino-1.0.5/hardware/arduino/cores/arduino/Stream.cpp
arduino/core/arduino/subdir.mk:165: warning: overriding commands for target `arduino/wiring_pulse.c.o'
 
Building file: /usr/local/arduino-1.0.5/hardware/arduino/cores/arduino/Tone.cpp
arduino/core/robot/subdir.mk:185: warning: ignoring old commands for target `arduino/wiring_pulse.c.o'
Starting C++ compile
I"/usr/local/arduino-1.0.5/hardware/arduino/cores" -MMD -MP -MF"arduino/Tone.cpp.d" -MT"arduino/Tone.cpp.d" -x c++ "/usr/local/arduino-1.0.5/hardware/arduino/cores/arduino/Tone.cpp"  "arduino/Tone.cpp.o"
arduino/core/arduino/subdir.mk:172: warning: overriding commands for target `arduino/wiring_shift.c.o'
Finished building: /usr/local/arduino-1.0.5/hardware/arduino/cores/arduino/Tone.cpp
 
arduino/core/robot/subdir.mk:192: warning: ignoring old commands for target `arduino/wiring_shift.c.o'
Building file: /usr/local/arduino-1.0.5/hardware/arduino/cores/arduino/USBCore.cpp
/bin/sh: 1: I/usr/local/arduino-1.0.5/hardware/arduino/cores: not found
make: [Control.cpp.o] Error 127 (ignored)
/bin/sh: 1: I/usr/local/arduino-1.0.5/hardware/arduino/cores: not found
make: [arduino/CDC.cpp.o] Error 127 (ignored)
/bin/sh: 1: I/usr/local/arduino-1.0.5/hardware/arduino/cores: not found
Starting C++ compile
I"/usr/local/arduino-1.0.5/hardware/arduino/cores" -MMD -MP -MF"arduino/USBCore.cpp.d" -MT"arduino/USBCore.cpp.d" -x c++ "/usr/local/arduino-1.0.5/hardware/arduino/cores/arduino/USBCore.cpp"  "arduino/USBCore.cpp.o"
make: [arduino/HID.cpp.o] Error 127 (ignored)
/bin/sh: 1: I/usr/local/arduino-1.0.5/hardware/arduino/cores: not found
make: [arduino/HardwareSerial.cpp.o] Error 127 (ignored)
/bin/sh: 1: I/usr/local/arduino-1.0.5/hardware/arduino/cores: not found
Finished building: /usr/local/arduino-1.0.5/hardware/arduino/cores/arduino/USBCore.cpp
 
Building file: /usr/local/arduino-1.0.5/hardware/arduino/cores/arduino/WInterrupts.c
make: [arduino/IPAddress.cpp.o] Error 127 (ignored)
/bin/sh: 1: I/usr/local/arduino-1.0.5/hardware/arduino/cores: not found
make: [arduino/Print.cpp.o] Error 127 (ignored)
/bin/sh: 1: I/usr/local/arduino-1.0.5/hardware/arduino/cores: not found
Starting C compile
I"/usr/local/arduino-1.0.5/hardware/arduino/cores" -MMD -MP -MF"arduino/WInterrupts.c.d" -MT"arduino/WInterrupts.c.d" "/usr/local/arduino-1.0.5/hardware/arduino/cores/arduino/WInterrupts.c"  "arduino/WInterrupts.c.o"
make: [arduino/Stream.cpp.o] Error 127 (ignored)
/bin/sh: 1: I/usr/local/arduino-1.0.5/hardware/arduino/cores: not found
Finished building: /usr/local/arduino-1.0.5/hardware/arduino/cores/arduino/WInterrupts.c
make: [arduino/Tone.cpp.o] Error 127 (ignored)
/bin/sh: 1: I/usr/local/arduino-1.0.5/hardware/arduino/cores: not found
make: [arduino/USBCore.cpp.o] Error 127 (ignored)
/bin/sh: 1: I/usr/local/arduino-1.0.5/hardware/arduino/cores: not found
make: [arduino/WInterrupts.c.o] Error 127 (ignored)
/bin/sh: 1: I/usr/local/arduino-1.0.5/hardware/arduino/cores: not found
 
Building file: /usr/local/arduino-1.0.5/hardware/arduino/cores/arduino/WMath.cpp
Starting C++ compile
I"/usr/local/arduino-1.0.5/hardware/arduino/cores" -MMD -MP -MF"arduino/WMath.cpp.d" -MT"arduino/WMath.cpp.d" -x c++ "/usr/local/arduino-1.0.5/hardware/arduino/cores/arduino/WMath.cpp"  "arduino/WMath.cpp.o"
make: [arduino/WMath.cpp.o] Error 127 (ignored)
/bin/sh: 1: I/usr/local/arduino-1.0.5/hardware/arduino/cores: not found
make: [arduino/WString.cpp.o] Error 127 (ignored)
/bin/sh: 1: I/usr/local/arduino-1.0.5/hardware/arduino/cores: not found
Finished building: /usr/local/arduino-1.0.5/hardware/arduino/cores/arduino/WMath.cpp
 
Building file: /usr/local/arduino-1.0.5/hardware/arduino/cores/arduino/WString.cpp
make: [arduino/main.cpp.o] Error 127 (ignored)
/bin/sh: 1: I/usr/local/arduino-1.0.5/hardware/arduino/cores: not found
make: [arduino/new.cpp.o] Error 127 (ignored)
/bin/sh: 1: I/usr/local/arduino-1.0.5/hardware/arduino/cores: not found
make: [arduino/wiring.c.o] Error 127 (ignored)
/bin/sh: 1: I/usr/local/arduino-1.0.5/hardware/arduino/cores: not found
Starting C++ compile
I"/usr/local/arduino-1.0.5/hardware/arduino/cores" -MMD -MP -MF"arduino/WString.cpp.d" -MT"arduino/WString.cpp.d" -x c++ "/usr/local/arduino-1.0.5/hardware/arduino/cores/arduino/WString.cpp"  "arduino/WString.cpp.o"
make: [arduino/wiring_analog.c.o] Error 127 (ignored)
/bin/sh: 1: I/usr/local/arduino-1.0.5/hardware/arduino/cores: not found
make: [arduino/wiring_digital.c.o] Error 127 (ignored)
Finished building: /usr/local/arduino-1.0.5/hardware/arduino/cores/arduino/WString.cpp
/bin/sh: 1: I/usr/local/arduino-1.0.5/hardware/arduino/cores: not found
make: [arduino/wiring_pulse.c.o] Error 127 (ignored)
/bin/sh: 1: I/usr/local/arduino-1.0.5/hardware/arduino/cores: not found
 
Building file: /usr/local/arduino-1.0.5/hardware/arduino/cores/arduino/main.cpp
Starting C++ compile
I"/usr/local/arduino-1.0.5/hardware/arduino/cores" -MMD -MP -MF"arduino/main.cpp.d" -MT"arduino/main.cpp.d" -x c++ "/usr/local/arduino-1.0.5/hardware/arduino/cores/arduino/main.cpp"  "arduino/main.cpp.o"
make: [arduino/wiring_shift.c.o] Error 127 (ignored)
/bin/sh: 1: I/usr/local/arduino-1.0.5/hardware/arduino/cores: not found
make: [arduino/malloc.c.o] Error 127 (ignored)
/bin/sh: 1: I/usr/local/arduino-1.0.5/hardware/arduino/cores: not found
make: [arduino/realloc.c.o] Error 127 (ignored)
make: ./arduino/CDC.cpp.o: Command not found
make: *** [/home/ensab/Panstamp/WiControl/Control/Release/arduino.ar] Error 127
Finished building: /usr/local/arduino-1.0.5/hardware/arduino/cores/arduino/main.cpp
 
Building file: /usr/local/arduino-1.0.5/hardware/arduino/cores/arduino/new.cpp
Starting C++ compile
I"/usr/local/arduino-1.0.5/hardware/arduino/cores" -MMD -MP -MF"arduino/new.cpp.d" -MT"arduino/new.cpp.d" -x c++ "/usr/local/arduino-1.0.5/hardware/arduino/cores/arduino/new.cpp"  "arduino/new.cpp.o"
Finished building: /usr/local/arduino-1.0.5/hardware/arduino/cores/arduino/new.cpp
 
Building file: /usr/local/arduino-1.0.5/hardware/arduino/cores/arduino/wiring.c
Starting C compile
I"/usr/local/arduino-1.0.5/hardware/arduino/cores" -MMD -MP -MF"arduino/wiring.c.d" -MT"arduino/wiring.c.d" "/usr/local/arduino-1.0.5/hardware/arduino/cores/arduino/wiring.c"  "arduino/wiring.c.o"
Finished building: /usr/local/arduino-1.0.5/hardware/arduino/cores/arduino/wiring.c
 
Building file: /usr/local/arduino-1.0.5/hardware/arduino/cores/arduino/wiring_analog.c
Starting C compile
I"/usr/local/arduino-1.0.5/hardware/arduino/cores" -MMD -MP -MF"arduino/wiring_analog.c.d" -MT"arduino/wiring_analog.c.d" "/usr/local/arduino-1.0.5/hardware/arduino/cores/arduino/wiring_analog.c"  "arduino/wiring_analog.c.o"
Finished building: /usr/local/arduino-1.0.5/hardware/arduino/cores/arduino/wiring_analog.c
 
Building file: /usr/local/arduino-1.0.5/hardware/arduino/cores/arduino/wiring_digital.c
Starting C compile
I"/usr/local/arduino-1.0.5/hardware/arduino/cores" -MMD -MP -MF"arduino/wiring_digital.c.d" -MT"arduino/wiring_digital.c.d" "/usr/local/arduino-1.0.5/hardware/arduino/cores/arduino/wiring_digital.c"  "arduino/wiring_digital.c.o"
Finished building: /usr/local/arduino-1.0.5/hardware/arduino/cores/arduino/wiring_digital.c
 
Building file: /usr/local/arduino-1.0.5/hardware/arduino/cores/arduino/wiring_pulse.c
Starting C compile
I"/usr/local/arduino-1.0.5/hardware/arduino/cores" -MMD -MP -MF"arduino/wiring_pulse.c.d" -MT"arduino/wiring_pulse.c.d" "/usr/local/arduino-1.0.5/hardware/arduino/cores/arduino/wiring_pulse.c"  "arduino/wiring_pulse.c.o"
Finished building: /usr/local/arduino-1.0.5/hardware/arduino/cores/arduino/wiring_pulse.c
 
Building file: /usr/local/arduino-1.0.5/hardware/arduino/cores/arduino/wiring_shift.c
Starting C compile
I"/usr/local/arduino-1.0.5/hardware/arduino/cores" -MMD -MP -MF"arduino/wiring_shift.c.d" -MT"arduino/wiring_shift.c.d" "/usr/local/arduino-1.0.5/hardware/arduino/cores/arduino/wiring_shift.c"  "arduino/wiring_shift.c.o"
Finished building: /usr/local/arduino-1.0.5/hardware/arduino/cores/arduino/wiring_shift.c
 
Building file: /usr/local/arduino-1.0.5/hardware/arduino/cores/arduino/avr-libc/malloc.c
Starting C compile
I"/usr/local/arduino-1.0.5/hardware/arduino/cores" -MMD -MP -MF"arduino/malloc.c.d" -MT"arduino/malloc.c.d" "/usr/local/arduino-1.0.5/hardware/arduino/cores/arduino/avr-libc/malloc.c"  "arduino/malloc.c.o"
Finished building: /usr/local/arduino-1.0.5/hardware/arduino/cores/arduino/avr-libc/malloc.c
 
Building file: /usr/local/arduino-1.0.5/hardware/arduino/cores/arduino/avr-libc/realloc.c
Starting C compile
I"/usr/local/arduino-1.0.5/hardware/arduino/cores" -MMD -MP -MF"arduino/realloc.c.d" -MT"arduino/realloc.c.d" "/usr/local/arduino-1.0.5/hardware/arduino/cores/arduino/avr-libc/realloc.c"  "arduino/realloc.c.o"
Finished building: /usr/local/arduino-1.0.5/hardware/arduino/cores/arduino/avr-libc/realloc.c
 
Starting archiver
./arduino/CDC.cpp.o ./arduino/HID.cpp.o ./arduino/HardwareSerial.cpp.o ./arduino/IPAddress.cpp.o ./arduino/Print.cpp.o ./arduino/Stream.cpp.o ./arduino/Tone.cpp.o ./arduino/USBCore.cpp.o ./arduino/WInterrupts.c.o ./arduino/WMath.cpp.o ./arduino/WString.cpp.o ./arduino/main.cpp.o ./arduino/new.cpp.o ./arduino/wiring.c.o ./arduino/wiring_analog.c.o ./arduino/wiring_digital.c.o ./arduino/wiring_pulse.c.o ./arduino/wiring_shift.c.o  ./arduino/malloc.c.o ./arduino/realloc.c.o 
23:13:48 **** Incremental Build of configuration Release for project Control ****
make all 
Building file: ../Control.cpp
Starting C++ compile
"/usr/local/arduino-1.5.2/hardware/tools/avr/bin/avr-g++" -c -g -Os -w -fno-exceptions -ffunction-sections -fdata-sections -MMD -mmcu=atmega328p -DF_CPU=8000000L -DARDUINO=152    -I"/usr/local/arduino-1.5.2/hardware/arduino/avr/cores/arduino" -I"/usr/local/arduino-1.5.2/hardware/arduino/avr/variants/standard" -MMD -MP -MF"Control.cpp.d" -MT"Control.cpp.d" -x c++ "../Control.cpp"  -o  "Control.cpp.o"
Finished building: ../Control.cpp
 
Building file: /usr/local/arduino-1.5.2/hardware/arduino/avr/cores/arduino/CDC.cpp
Starting C++ compile
"/usr/local/arduino-1.5.2/hardware/tools/avr/bin/avr-g++" -c -g -Os -w -fno-exceptions -ffunction-sections -fdata-sections -MMD -mmcu=atmega328p -DF_CPU=8000000L -DARDUINO=152    -I"/usr/local/arduino-1.5.2/hardware/arduino/avr/cores/arduino" -I"/usr/local/arduino-1.5.2/hardware/arduino/avr/variants/standard" -MMD -MP -MF"arduino/CDC.cpp.d" -MT"arduino/CDC.cpp.d" -x c++ "/usr/local/arduino-1.5.2/hardware/arduino/avr/cores/arduino/CDC.cpp"  -o  "arduino/CDC.cpp.o"
Finished building: /usr/local/arduino-1.5.2/hardware/arduino/avr/cores/arduino/CDC.cpp
 
Building file: /usr/local/arduino-1.5.2/hardware/arduino/avr/cores/arduino/HID.cpp
Starting C++ compile
"/usr/local/arduino-1.5.2/hardware/tools/avr/bin/avr-g++" -c -g -Os -w -fno-exceptions -ffunction-sections -fdata-sections -MMD -mmcu=atmega328p -DF_CPU=8000000L -DARDUINO=152    -I"/usr/local/arduino-1.5.2/hardware/arduino/avr/cores/arduino" -I"/usr/local/arduino-1.5.2/hardware/arduino/avr/variants/standard" -MMD -MP -MF"arduino/HID.cpp.d" -MT"arduino/HID.cpp.d" -x c++ "/usr/local/arduino-1.5.2/hardware/arduino/avr/cores/arduino/HID.cpp"  -o  "arduino/HID.cpp.o"
Finished building: /usr/local/arduino-1.5.2/hardware/arduino/avr/cores/arduino/HID.cpp
 
Building file: /usr/local/arduino-1.5.2/hardware/arduino/avr/cores/arduino/HardwareSerial.cpp
Starting C++ compile
"/usr/local/arduino-1.5.2/hardware/tools/avr/bin/avr-g++" -c -g -Os -w -fno-exceptions -ffunction-sections -fdata-sections -MMD -mmcu=atmega328p -DF_CPU=8000000L -DARDUINO=152    -I"/usr/local/arduino-1.5.2/hardware/arduino/avr/cores/arduino" -I"/usr/local/arduino-1.5.2/hardware/arduino/avr/variants/standard" -MMD -MP -MF"arduino/HardwareSerial.cpp.d" -MT"arduino/HardwareSerial.cpp.d" -x c++ "/usr/local/arduino-1.5.2/hardware/arduino/avr/cores/arduino/HardwareSerial.cpp"  -o  "arduino/HardwareSerial.cpp.o"
Finished building: /usr/local/arduino-1.5.2/hardware/arduino/avr/cores/arduino/HardwareSerial.cpp
 
Building file: /usr/local/arduino-1.5.2/hardware/arduino/avr/cores/arduino/IPAddress.cpp
Starting C++ compile
"/usr/local/arduino-1.5.2/hardware/tools/avr/bin/avr-g++" -c -g -Os -w -fno-exceptions -ffunction-sections -fdata-sections -MMD -mmcu=atmega328p -DF_CPU=8000000L -DARDUINO=152    -I"/usr/local/arduino-1.5.2/hardware/arduino/avr/cores/arduino" -I"/usr/local/arduino-1.5.2/hardware/arduino/avr/variants/standard" -MMD -MP -MF"arduino/IPAddress.cpp.d" -MT"arduino/IPAddress.cpp.d" -x c++ "/usr/local/arduino-1.5.2/hardware/arduino/avr/cores/arduino/IPAddress.cpp"  -o  "arduino/IPAddress.cpp.o"
Finished building: /usr/local/arduino-1.5.2/hardware/arduino/avr/cores/arduino/IPAddress.cpp
 
Building file: /usr/local/arduino-1.5.2/hardware/arduino/avr/cores/arduino/Print.cpp
Starting C++ compile
"/usr/local/arduino-1.5.2/hardware/tools/avr/bin/avr-g++" -c -g -Os -w -fno-exceptions -ffunction-sections -fdata-sections -MMD -mmcu=atmega328p -DF_CPU=8000000L -DARDUINO=152    -I"/usr/local/arduino-1.5.2/hardware/arduino/avr/cores/arduino" -I"/usr/local/arduino-1.5.2/hardware/arduino/avr/variants/standard" -MMD -MP -MF"arduino/Print.cpp.d" -MT"arduino/Print.cpp.d" -x c++ "/usr/local/arduino-1.5.2/hardware/arduino/avr/cores/arduino/Print.cpp"  -o  "arduino/Print.cpp.o"
Finished building: /usr/local/arduino-1.5.2/hardware/arduino/avr/cores/arduino/Print.cpp
 
Building file: /usr/local/arduino-1.5.2/hardware/arduino/avr/cores/arduino/Stream.cpp
Starting C++ compile
"/usr/local/arduino-1.5.2/hardware/tools/avr/bin/avr-g++" -c -g -Os -w -fno-exceptions -ffunction-sections -fdata-sections -MMD -mmcu=atmega328p -DF_CPU=8000000L -DARDUINO=152    -I"/usr/local/arduino-1.5.2/hardware/arduino/avr/cores/arduino" -I"/usr/local/arduino-1.5.2/hardware/arduino/avr/variants/standard" -MMD -MP -MF"arduino/Stream.cpp.d" -MT"arduino/Stream.cpp.d" -x c++ "/usr/local/arduino-1.5.2/hardware/arduino/avr/cores/arduino/Stream.cpp"  -o  "arduino/Stream.cpp.o"
Finished building: /usr/local/arduino-1.5.2/hardware/arduino/avr/cores/arduino/Stream.cpp
 
Building file: /usr/local/arduino-1.5.2/hardware/arduino/avr/cores/arduino/Tone.cpp
Starting C++ compile
"/usr/local/arduino-1.5.2/hardware/tools/avr/bin/avr-g++" -c -g -Os -w -fno-exceptions -ffunction-sections -fdata-sections -MMD -mmcu=atmega328p -DF_CPU=8000000L -DARDUINO=152    -I"/usr/local/arduino-1.5.2/hardware/arduino/avr/cores/arduino" -I"/usr/local/arduino-1.5.2/hardware/arduino/avr/variants/standard" -MMD -MP -MF"arduino/Tone.cpp.d" -MT"arduino/Tone.cpp.d" -x c++ "/usr/local/arduino-1.5.2/hardware/arduino/avr/cores/arduino/Tone.cpp"  -o  "arduino/Tone.cpp.o"
Finished building: /usr/local/arduino-1.5.2/hardware/arduino/avr/cores/arduino/Tone.cpp
 
Building file: /usr/local/arduino-1.5.2/hardware/arduino/avr/cores/arduino/USBCore.cpp
Starting C++ compile
"/usr/local/arduino-1.5.2/hardware/tools/avr/bin/avr-g++" -c -g -Os -w -fno-exceptions -ffunction-sections -fdata-sections -MMD -mmcu=atmega328p -DF_CPU=8000000L -DARDUINO=152    -I"/usr/local/arduino-1.5.2/hardware/arduino/avr/cores/arduino" -I"/usr/local/arduino-1.5.2/hardware/arduino/avr/variants/standard" -MMD -MP -MF"arduino/USBCore.cpp.d" -MT"arduino/USBCore.cpp.d" -x c++ "/usr/local/arduino-1.5.2/hardware/arduino/avr/cores/arduino/USBCore.cpp"  -o  "arduino/USBCore.cpp.o"
Finished building: /usr/local/arduino-1.5.2/hardware/arduino/avr/cores/arduino/USBCore.cpp
 
Building file: /usr/local/arduino-1.5.2/hardware/arduino/avr/cores/arduino/WInterrupts.c
Starting C compile
"/usr/local/arduino-1.5.2/hardware/tools/avr/bin/avr-gcc" -c -g -Os -w -ffunction-sections -fdata-sections -MMD -mmcu=atmega328p -DF_CPU=8000000L -DARDUINO=152    -I"/usr/local/arduino-1.5.2/hardware/arduino/avr/cores/arduino" -I"/usr/local/arduino-1.5.2/hardware/arduino/avr/variants/standard" -MMD -MP -MF"arduino/WInterrupts.c.d" -MT"arduino/WInterrupts.c.d" "/usr/local/arduino-1.5.2/hardware/arduino/avr/cores/arduino/WInterrupts.c"  -o  "arduino/WInterrupts.c.o"
Finished building: /usr/local/arduino-1.5.2/hardware/arduino/avr/cores/arduino/WInterrupts.c
 
Building file: /usr/local/arduino-1.5.2/hardware/arduino/avr/cores/arduino/WMath.cpp
Starting C++ compile
"/usr/local/arduino-1.5.2/hardware/tools/avr/bin/avr-g++" -c -g -Os -w -fno-exceptions -ffunction-sections -fdata-sections -MMD -mmcu=atmega328p -DF_CPU=8000000L -DARDUINO=152    -I"/usr/local/arduino-1.5.2/hardware/arduino/avr/cores/arduino" -I"/usr/local/arduino-1.5.2/hardware/arduino/avr/variants/standard" -MMD -MP -MF"arduino/WMath.cpp.d" -MT"arduino/WMath.cpp.d" -x c++ "/usr/local/arduino-1.5.2/hardware/arduino/avr/cores/arduino/WMath.cpp"  -o  "arduino/WMath.cpp.o"
Finished building: /usr/local/arduino-1.5.2/hardware/arduino/avr/cores/arduino/WMath.cpp
 
Building file: /usr/local/arduino-1.5.2/hardware/arduino/avr/cores/arduino/WString.cpp
Starting C++ compile
"/usr/local/arduino-1.5.2/hardware/tools/avr/bin/avr-g++" -c -g -Os -w -fno-exceptions -ffunction-sections -fdata-sections -MMD -mmcu=atmega328p -DF_CPU=8000000L -DARDUINO=152    -I"/usr/local/arduino-1.5.2/hardware/arduino/avr/cores/arduino" -I"/usr/local/arduino-1.5.2/hardware/arduino/avr/variants/standard" -MMD -MP -MF"arduino/WString.cpp.d" -MT"arduino/WString.cpp.d" -x c++ "/usr/local/arduino-1.5.2/hardware/arduino/avr/cores/arduino/WString.cpp"  -o  "arduino/WString.cpp.o"
Finished building: /usr/local/arduino-1.5.2/hardware/arduino/avr/cores/arduino/WString.cpp
 
Building file: /usr/local/arduino-1.5.2/hardware/arduino/avr/cores/arduino/hooks.c
Starting C compile
"/usr/local/arduino-1.5.2/hardware/tools/avr/bin/avr-gcc" -c -g -Os -w -ffunction-sections -fdata-sections -MMD -mmcu=atmega328p -DF_CPU=8000000L -DARDUINO=152    -I"/usr/local/arduino-1.5.2/hardware/arduino/avr/cores/arduino" -I"/usr/local/arduino-1.5.2/hardware/arduino/avr/variants/standard" -MMD -MP -MF"arduino/hooks.c.d" -MT"arduino/hooks.c.d" "/usr/local/arduino-1.5.2/hardware/arduino/avr/cores/arduino/hooks.c"  -o  "arduino/hooks.c.o"
Finished building: /usr/local/arduino-1.5.2/hardware/arduino/avr/cores/arduino/hooks.c
 
Building file: /usr/local/arduino-1.5.2/hardware/arduino/avr/cores/arduino/main.cpp
Starting C++ compile
"/usr/local/arduino-1.5.2/hardware/tools/avr/bin/avr-g++" -c -g -Os -w -fno-exceptions -ffunction-sections -fdata-sections -MMD -mmcu=atmega328p -DF_CPU=8000000L -DARDUINO=152    -I"/usr/local/arduino-1.5.2/hardware/arduino/avr/cores/arduino" -I"/usr/local/arduino-1.5.2/hardware/arduino/avr/variants/standard" -MMD -MP -MF"arduino/main.cpp.d" -MT"arduino/main.cpp.d" -x c++ "/usr/local/arduino-1.5.2/hardware/arduino/avr/cores/arduino/main.cpp"  -o  "arduino/main.cpp.o"
Finished building: /usr/local/arduino-1.5.2/hardware/arduino/avr/cores/arduino/main.cpp
 
Building file: /usr/local/arduino-1.5.2/hardware/arduino/avr/cores/arduino/malloc.c
Starting C compile
"/usr/local/arduino-1.5.2/hardware/tools/avr/bin/avr-gcc" -c -g -Os -w -ffunction-sections -fdata-sections -MMD -mmcu=atmega328p -DF_CPU=8000000L -DARDUINO=152    -I"/usr/local/arduino-1.5.2/hardware/arduino/avr/cores/arduino" -I"/usr/local/arduino-1.5.2/hardware/arduino/avr/variants/standard" -MMD -MP -MF"arduino/malloc.c.d" -MT"arduino/malloc.c.d" "/usr/local/arduino-1.5.2/hardware/arduino/avr/cores/arduino/malloc.c"  -o  "arduino/malloc.c.o"
Finished building: /usr/local/arduino-1.5.2/hardware/arduino/avr/cores/arduino/malloc.c
 
Building file: /usr/local/arduino-1.5.2/hardware/arduino/avr/cores/arduino/new.cpp
Starting C++ compile
"/usr/local/arduino-1.5.2/hardware/tools/avr/bin/avr-g++" -c -g -Os -w -fno-exceptions -ffunction-sections -fdata-sections -MMD -mmcu=atmega328p -DF_CPU=8000000L -DARDUINO=152    -I"/usr/local/arduino-1.5.2/hardware/arduino/avr/cores/arduino" -I"/usr/local/arduino-1.5.2/hardware/arduino/avr/variants/standard" -MMD -MP -MF"arduino/new.cpp.d" -MT"arduino/new.cpp.d" -x c++ "/usr/local/arduino-1.5.2/hardware/arduino/avr/cores/arduino/new.cpp"  -o  "arduino/new.cpp.o"
Finished building: /usr/local/arduino-1.5.2/hardware/arduino/avr/cores/arduino/new.cpp
 
Building file: /usr/local/arduino-1.5.2/hardware/arduino/avr/cores/arduino/wiring.c
Starting C compile
"/usr/local/arduino-1.5.2/hardware/tools/avr/bin/avr-gcc" -c -g -Os -w -ffunction-sections -fdata-sections -MMD -mmcu=atmega328p -DF_CPU=8000000L -DARDUINO=152    -I"/usr/local/arduino-1.5.2/hardware/arduino/avr/cores/arduino" -I"/usr/local/arduino-1.5.2/hardware/arduino/avr/variants/standard" -MMD -MP -MF"arduino/wiring.c.d" -MT"arduino/wiring.c.d" "/usr/local/arduino-1.5.2/hardware/arduino/avr/cores/arduino/wiring.c"  -o  "arduino/wiring.c.o"
Finished building: /usr/local/arduino-1.5.2/hardware/arduino/avr/cores/arduino/wiring.c
 
Building file: /usr/local/arduino-1.5.2/hardware/arduino/avr/cores/arduino/wiring_analog.c
Starting C compile
"/usr/local/arduino-1.5.2/hardware/tools/avr/bin/avr-gcc" -c -g -Os -w -ffunction-sections -fdata-sections -MMD -mmcu=atmega328p -DF_CPU=8000000L -DARDUINO=152    -I"/usr/local/arduino-1.5.2/hardware/arduino/avr/cores/arduino" -I"/usr/local/arduino-1.5.2/hardware/arduino/avr/variants/standard" -MMD -MP -MF"arduino/wiring_analog.c.d" -MT"arduino/wiring_analog.c.d" "/usr/local/arduino-1.5.2/hardware/arduino/avr/cores/arduino/wiring_analog.c"  -o  "arduino/wiring_analog.c.o"
Finished building: /usr/local/arduino-1.5.2/hardware/arduino/avr/cores/arduino/wiring_analog.c
 
Building file: /usr/local/arduino-1.5.2/hardware/arduino/avr/cores/arduino/wiring_digital.c
Starting C compile
"/usr/local/arduino-1.5.2/hardware/tools/avr/bin/avr-gcc" -c -g -Os -w -ffunction-sections -fdata-sections -MMD -mmcu=atmega328p -DF_CPU=8000000L -DARDUINO=152    -I"/usr/local/arduino-1.5.2/hardware/arduino/avr/cores/arduino" -I"/usr/local/arduino-1.5.2/hardware/arduino/avr/variants/standard" -MMD -MP -MF"arduino/wiring_digital.c.d" -MT"arduino/wiring_digital.c.d" "/usr/local/arduino-1.5.2/hardware/arduino/avr/cores/arduino/wiring_digital.c"  -o  "arduino/wiring_digital.c.o"
Finished building: /usr/local/arduino-1.5.2/hardware/arduino/avr/cores/arduino/wiring_digital.c
 
Building file: /usr/local/arduino-1.5.2/hardware/arduino/avr/cores/arduino/wiring_pulse.c
Starting C compile
"/usr/local/arduino-1.5.2/hardware/tools/avr/bin/avr-gcc" -c -g -Os -w -ffunction-sections -fdata-sections -MMD -mmcu=atmega328p -DF_CPU=8000000L -DARDUINO=152    -I"/usr/local/arduino-1.5.2/hardware/arduino/avr/cores/arduino" -I"/usr/local/arduino-1.5.2/hardware/arduino/avr/variants/standard" -MMD -MP -MF"arduino/wiring_pulse.c.d" -MT"arduino/wiring_pulse.c.d" "/usr/local/arduino-1.5.2/hardware/arduino/avr/cores/arduino/wiring_pulse.c"  -o  "arduino/wiring_pulse.c.o"
Finished building: /usr/local/arduino-1.5.2/hardware/arduino/avr/cores/arduino/wiring_pulse.c
 
Building file: /usr/local/arduino-1.5.2/hardware/arduino/avr/cores/arduino/wiring_shift.c
Starting C compile
"/usr/local/arduino-1.5.2/hardware/tools/avr/bin/avr-gcc" -c -g -Os -w -ffunction-sections -fdata-sections -MMD -mmcu=atmega328p -DF_CPU=8000000L -DARDUINO=152    -I"/usr/local/arduino-1.5.2/hardware/arduino/avr/cores/arduino" -I"/usr/local/arduino-1.5.2/hardware/arduino/avr/variants/standard" -MMD -MP -MF"arduino/wiring_shift.c.d" -MT"arduino/wiring_shift.c.d" "/usr/local/arduino-1.5.2/hardware/arduino/avr/cores/arduino/wiring_shift.c"  -o  "arduino/wiring_shift.c.o"
Finished building: /usr/local/arduino-1.5.2/hardware/arduino/avr/cores/arduino/wiring_shift.c
 
Starting archiver
"/usr/local/arduino-1.5.2/hardware/tools/avr/bin/avr-ar" rcs "/home/ensab/Panstamp/WiControl/Control/Release/arduino.ar"    ./arduino/CDC.cpp.o ./arduino/HID.cpp.o ./arduino/HardwareSerial.cpp.o ./arduino/IPAddress.cpp.o ./arduino/Print.cpp.o ./arduino/Stream.cpp.o ./arduino/Tone.cpp.o ./arduino/USBCore.cpp.o ./arduino/WInterrupts.c.o ./arduino/WMath.cpp.o ./arduino/WString.cpp.o ./arduino/hooks.c.o ./arduino/main.cpp.o ./arduino/malloc.c.o ./arduino/new.cpp.o ./arduino/wiring.c.o ./arduino/wiring_analog.c.o ./arduino/wiring_digital.c.o ./arduino/wiring_pulse.c.o ./arduino/wiring_shift.c.o 
Finished building: /home/ensab/Panstamp/WiControl/Control/Release/arduino.ar
 
Starting combiner
"/usr/local/arduino-1.5.2/hardware/tools/avr/bin/avr-gcc" -Os -Wl,--gc-sections -mmcu=atmega328p -o "/home/ensab/Panstamp/WiControl/Control/Release/Control.elf"    ./Control.cpp.o   /home/ensab/Panstamp/WiControl/Control/Release/arduino.ar   "/home/ensab/Panstamp/WiControl/Control/Release/arduino.ar" "-L/home/ensab/Panstamp/WiControl/Control/Release" -lm
Finished building: Control.elf
 
Create eeprom image
"/usr/local/arduino-1.5.2/hardware/tools/avr/bin/avr-objcopy" -O ihex -j .eeprom --set-section-flags=.eeprom=alloc,load --no-change-warnings --change-section-lma .eeprom=0 "/home/ensab/Panstamp/WiControl/Control/Release/Control.elf" "/home/ensab/Panstamp/WiControl/Control/Release/Control.eep"
Finished building: Control.eep
 
Create Flash image (ihex format)
"/usr/local/arduino-1.5.2/hardware/tools/avr/bin/avr-objcopy" -O ihex -R .eeprom "/home/ensab/Panstamp/WiControl/Control/Release/Control.elf" "/home/ensab/Panstamp/WiControl/Control/Release/Control.hex"
Finished building: Release/Control.hex
 
Building target: Control
Printing size:
"/usr/local/arduino-1.5.2/hardware/tools/avr/bin/avr-size" -A "/home/ensab/Panstamp/WiControl/Control/Release/Control.hex"
/home/ensab/Panstamp/WiControl/Control/Release/Control.hex  :
section   size   addr
.sec1    490      0
Total    490


Finished building target: Control
 
23:14:55 **** Incremental Build of configuration Release for project Control ****
make all 
Building file: ../Control.cpp
Starting C++ compile
"/usr/local/arduino-1.5.2/hardware/tools/avr/bin/avr-g++" -c -g -Os -w -fno-exceptions -ffunction-sections -fdata-sections -MMD -mmcu=atmega328p -DF_CPU=8000000L -DARDUINO=152    -I"/usr/local/arduino-1.5.2/hardware/arduino/avr/cores/arduino" -I"/usr/local/arduino-1.5.2/hardware/arduino/avr/variants/standard" -I"/usr/local/arduino-1.0.5/libraries/EEPROM" -I"/usr/local/arduino-1.0.5/libraries/panstamp" -MMD -MP -MF"Control.cpp.d" -MT"Control.cpp.d" -x c++ "../Control.cpp"  -o  "Control.cpp.o"
Finished building: ../Control.cpp
 
Building file: /usr/local/arduino-1.0.5/libraries/panstamp/calibration.cpp
Starting C++ compile
"/usr/local/arduino-1.5.2/hardware/tools/avr/bin/avr-g++" -c -g -Os -w -fno-exceptions -ffunction-sections -fdata-sections -MMD -mmcu=atmega328p -DF_CPU=8000000L -DARDUINO=152    -I"/usr/local/arduino-1.5.2/hardware/arduino/avr/cores/arduino" -I"/usr/local/arduino-1.5.2/hardware/arduino/avr/variants/standard" -I"/usr/local/arduino-1.0.5/libraries/EEPROM" -I"/usr/local/arduino-1.0.5/libraries/panstamp" -MMD -MP -MF"Libraries/panstamp/calibration.cpp.d" -MT"Libraries/panstamp/calibration.cpp.d" -x c++ "/usr/local/arduino-1.0.5/libraries/panstamp/calibration.cpp"  -o  "Libraries/panstamp/calibration.cpp.o"
Finished building: /usr/local/arduino-1.0.5/libraries/panstamp/calibration.cpp
 
Building file: /usr/local/arduino-1.0.5/libraries/panstamp/cc1101.cpp
Starting C++ compile
"/usr/local/arduino-1.5.2/hardware/tools/avr/bin/avr-g++" -c -g -Os -w -fno-exceptions -ffunction-sections -fdata-sections -MMD -mmcu=atmega328p -DF_CPU=8000000L -DARDUINO=152    -I"/usr/local/arduino-1.5.2/hardware/arduino/avr/cores/arduino" -I"/usr/local/arduino-1.5.2/hardware/arduino/avr/variants/standard" -I"/usr/local/arduino-1.0.5/libraries/EEPROM" -I"/usr/local/arduino-1.0.5/libraries/panstamp" -MMD -MP -MF"Libraries/panstamp/cc1101.cpp.d" -MT"Libraries/panstamp/cc1101.cpp.d" -x c++ "/usr/local/arduino-1.0.5/libraries/panstamp/cc1101.cpp"  -o  "Libraries/panstamp/cc1101.cpp.o"
Finished building: /usr/local/arduino-1.0.5/libraries/panstamp/cc1101.cpp
 
Building file: /usr/local/arduino-1.0.5/libraries/panstamp/panstamp.cpp
Starting C++ compile
"/usr/local/arduino-1.5.2/hardware/tools/avr/bin/avr-g++" -c -g -Os -w -fno-exceptions -ffunction-sections -fdata-sections -MMD -mmcu=atmega328p -DF_CPU=8000000L -DARDUINO=152    -I"/usr/local/arduino-1.5.2/hardware/arduino/avr/cores/arduino" -I"/usr/local/arduino-1.5.2/hardware/arduino/avr/variants/standard" -I"/usr/local/arduino-1.0.5/libraries/EEPROM" -I"/usr/local/arduino-1.0.5/libraries/panstamp" -MMD -MP -MF"Libraries/panstamp/panstamp.cpp.d" -MT"Libraries/panstamp/panstamp.cpp.d" -x c++ "/usr/local/arduino-1.0.5/libraries/panstamp/panstamp.cpp"  -o  "Libraries/panstamp/panstamp.cpp.o"
Finished building: /usr/local/arduino-1.0.5/libraries/panstamp/panstamp.cpp
 
Building file: /usr/local/arduino-1.0.5/libraries/panstamp/register.cpp
Starting C++ compile
"/usr/local/arduino-1.5.2/hardware/tools/avr/bin/avr-g++" -c -g -Os -w -fno-exceptions -ffunction-sections -fdata-sections -MMD -mmcu=atmega328p -DF_CPU=8000000L -DARDUINO=152    -I"/usr/local/arduino-1.5.2/hardware/arduino/avr/cores/arduino" -I"/usr/local/arduino-1.5.2/hardware/arduino/avr/variants/standard" -I"/usr/local/arduino-1.0.5/libraries/EEPROM" -I"/usr/local/arduino-1.0.5/libraries/panstamp" -MMD -MP -MF"Libraries/panstamp/register.cpp.d" -MT"Libraries/panstamp/register.cpp.d" -x c++ "/usr/local/arduino-1.0.5/libraries/panstamp/register.cpp"  -o  "Libraries/panstamp/register.cpp.o"
Finished building: /usr/local/arduino-1.0.5/libraries/panstamp/register.cpp
 
Building file: /usr/local/arduino-1.0.5/libraries/panstamp/repeater.cpp
Starting C++ compile
"/usr/local/arduino-1.5.2/hardware/tools/avr/bin/avr-g++" -c -g -Os -w -fno-exceptions -ffunction-sections -fdata-sections -MMD -mmcu=atmega328p -DF_CPU=8000000L -DARDUINO=152    -I"/usr/local/arduino-1.5.2/hardware/arduino/avr/cores/arduino" -I"/usr/local/arduino-1.5.2/hardware/arduino/avr/variants/standard" -I"/usr/local/arduino-1.0.5/libraries/EEPROM" -I"/usr/local/arduino-1.0.5/libraries/panstamp" -MMD -MP -MF"Libraries/panstamp/repeater.cpp.d" -MT"Libraries/panstamp/repeater.cpp.d" -x c++ "/usr/local/arduino-1.0.5/libraries/panstamp/repeater.cpp"  -o  "Libraries/panstamp/repeater.cpp.o"
Finished building: /usr/local/arduino-1.0.5/libraries/panstamp/repeater.cpp
 
Building file: /usr/local/arduino-1.0.5/libraries/panstamp/spi.cpp
Starting C++ compile
"/usr/local/arduino-1.5.2/hardware/tools/avr/bin/avr-g++" -c -g -Os -w -fno-exceptions -ffunction-sections -fdata-sections -MMD -mmcu=atmega328p -DF_CPU=8000000L -DARDUINO=152    -I"/usr/local/arduino-1.5.2/hardware/arduino/avr/cores/arduino" -I"/usr/local/arduino-1.5.2/hardware/arduino/avr/variants/standard" -I"/usr/local/arduino-1.0.5/libraries/EEPROM" -I"/usr/local/arduino-1.0.5/libraries/panstamp" -MMD -MP -MF"Libraries/panstamp/spi.cpp.d" -MT"Libraries/panstamp/spi.cpp.d" -x c++ "/usr/local/arduino-1.0.5/libraries/panstamp/spi.cpp"  -o  "Libraries/panstamp/spi.cpp.o"
Finished building: /usr/local/arduino-1.0.5/libraries/panstamp/spi.cpp
 
Building file: /usr/local/arduino-1.0.5/libraries/panstamp/swcommand.cpp
Starting C++ compile
"/usr/local/arduino-1.5.2/hardware/tools/avr/bin/avr-g++" -c -g -Os -w -fno-exceptions -ffunction-sections -fdata-sections -MMD -mmcu=atmega328p -DF_CPU=8000000L -DARDUINO=152    -I"/usr/local/arduino-1.5.2/hardware/arduino/avr/cores/arduino" -I"/usr/local/arduino-1.5.2/hardware/arduino/avr/variants/standard" -I"/usr/local/arduino-1.0.5/libraries/EEPROM" -I"/usr/local/arduino-1.0.5/libraries/panstamp" -MMD -MP -MF"Libraries/panstamp/swcommand.cpp.d" -MT"Libraries/panstamp/swcommand.cpp.d" -x c++ "/usr/local/arduino-1.0.5/libraries/panstamp/swcommand.cpp"  -o  "Libraries/panstamp/swcommand.cpp.o"
Finished building: /usr/local/arduino-1.0.5/libraries/panstamp/swcommand.cpp
 
Building file: /usr/local/arduino-1.0.5/libraries/panstamp/swpacket.cpp
Starting C++ compile
"/usr/local/arduino-1.5.2/hardware/tools/avr/bin/avr-g++" -c -g -Os -w -fno-exceptions -ffunction-sections -fdata-sections -MMD -mmcu=atmega328p -DF_CPU=8000000L -DARDUINO=152    -I"/usr/local/arduino-1.5.2/hardware/arduino/avr/cores/arduino" -I"/usr/local/arduino-1.5.2/hardware/arduino/avr/variants/standard" -I"/usr/local/arduino-1.0.5/libraries/EEPROM" -I"/usr/local/arduino-1.0.5/libraries/panstamp" -MMD -MP -MF"Libraries/panstamp/swpacket.cpp.d" -MT"Libraries/panstamp/swpacket.cpp.d" -x c++ "/usr/local/arduino-1.0.5/libraries/panstamp/swpacket.cpp"  -o  "Libraries/panstamp/swpacket.cpp.o"
Finished building: /usr/local/arduino-1.0.5/libraries/panstamp/swpacket.cpp
 
Building file: /usr/local/arduino-1.0.5/libraries/panstamp/swquery.cpp
Starting C++ compile
"/usr/local/arduino-1.5.2/hardware/tools/avr/bin/avr-g++" -c -g -Os -w -fno-exceptions -ffunction-sections -fdata-sections -MMD -mmcu=atmega328p -DF_CPU=8000000L -DARDUINO=152    -I"/usr/local/arduino-1.5.2/hardware/arduino/avr/cores/arduino" -I"/usr/local/arduino-1.5.2/hardware/arduino/avr/variants/standard" -I"/usr/local/arduino-1.0.5/libraries/EEPROM" -I"/usr/local/arduino-1.0.5/libraries/panstamp" -MMD -MP -MF"Libraries/panstamp/swquery.cpp.d" -MT"Libraries/panstamp/swquery.cpp.d" -x c++ "/usr/local/arduino-1.0.5/libraries/panstamp/swquery.cpp"  -o  "Libraries/panstamp/swquery.cpp.o"
Finished building: /usr/local/arduino-1.0.5/libraries/panstamp/swquery.cpp
 
Building file: /usr/local/arduino-1.0.5/libraries/panstamp/swstatus.cpp
Starting C++ compile
"/usr/local/arduino-1.5.2/hardware/tools/avr/bin/avr-g++" -c -g -Os -w -fno-exceptions -ffunction-sections -fdata-sections -MMD -mmcu=atmega328p -DF_CPU=8000000L -DARDUINO=152    -I"/usr/local/arduino-1.5.2/hardware/arduino/avr/cores/arduino" -I"/usr/local/arduino-1.5.2/hardware/arduino/avr/variants/standard" -I"/usr/local/arduino-1.0.5/libraries/EEPROM" -I"/usr/local/arduino-1.0.5/libraries/panstamp" -MMD -MP -MF"Libraries/panstamp/swstatus.cpp.d" -MT"Libraries/panstamp/swstatus.cpp.d" -x c++ "/usr/local/arduino-1.0.5/libraries/panstamp/swstatus.cpp"  -o  "Libraries/panstamp/swstatus.cpp.o"
Finished building: /usr/local/arduino-1.0.5/libraries/panstamp/swstatus.cpp
 
Building file: /usr/local/arduino-1.0.5/libraries/EEPROM/EEPROM.cpp
Starting C++ compile
"/usr/local/arduino-1.5.2/hardware/tools/avr/bin/avr-g++" -c -g -Os -w -fno-exceptions -ffunction-sections -fdata-sections -MMD -mmcu=atmega328p -DF_CPU=8000000L -DARDUINO=152    -I"/usr/local/arduino-1.5.2/hardware/arduino/avr/cores/arduino" -I"/usr/local/arduino-1.5.2/hardware/arduino/avr/variants/standard" -I"/usr/local/arduino-1.0.5/libraries/EEPROM" -I"/usr/local/arduino-1.0.5/libraries/panstamp" -MMD -MP -MF"Libraries/EEPROM/EEPROM.cpp.d" -MT"Libraries/EEPROM/EEPROM.cpp.d" -x c++ "/usr/local/arduino-1.0.5/libraries/EEPROM/EEPROM.cpp"  -o  "Libraries/EEPROM/EEPROM.cpp.o"
Finished building: /usr/local/arduino-1.0.5/libraries/EEPROM/EEPROM.cpp
 
Building file: ../Command.cpp
Starting C++ compile
"/usr/local/arduino-1.5.2/hardware/tools/avr/bin/avr-g++" -c -g -Os -w -fno-exceptions -ffunction-sections -fdata-sections -MMD -mmcu=atmega328p -DF_CPU=8000000L -DARDUINO=152    -I"/usr/local/arduino-1.5.2/hardware/arduino/avr/cores/arduino" -I"/usr/local/arduino-1.5.2/hardware/arduino/avr/variants/standard" -I"/usr/local/arduino-1.0.5/libraries/EEPROM" -I"/usr/local/arduino-1.0.5/libraries/panstamp" -MMD -MP -MF"Command.cpp.d" -MT"Command.cpp.d" -x c++ "../Command.cpp"  -o  "Command.cpp.o"
Finished building: ../Command.cpp
 
Building file: ../Communicator.cpp
Starting C++ compile
"/usr/local/arduino-1.5.2/hardware/tools/avr/bin/avr-g++" -c -g -Os -w -fno-exceptions -ffunction-sections -fdata-sections -MMD -mmcu=atmega328p -DF_CPU=8000000L -DARDUINO=152    -I"/usr/local/arduino-1.5.2/hardware/arduino/avr/cores/arduino" -I"/usr/local/arduino-1.5.2/hardware/arduino/avr/variants/standard" -I"/usr/local/arduino-1.0.5/libraries/EEPROM" -I"/usr/local/arduino-1.0.5/libraries/panstamp" -MMD -MP -MF"Communicator.cpp.d" -MT"Communicator.cpp.d" -x c++ "../Communicator.cpp"  -o  "Communicator.cpp.o"
Finished building: ../Communicator.cpp
 
Starting combiner
"/usr/local/arduino-1.5.2/hardware/tools/avr/bin/avr-gcc" -Os -Wl,--gc-sections -mmcu=atmega328p -o "/home/ensab/Panstamp/WiControl/Control/Release/Control.elf"    ./Libraries/panstamp/calibration.cpp.o ./Libraries/panstamp/cc1101.cpp.o ./Libraries/panstamp/panstamp.cpp.o ./Libraries/panstamp/register.cpp.o ./Libraries/panstamp/repeater.cpp.o ./Libraries/panstamp/spi.cpp.o ./Libraries/panstamp/swcommand.cpp.o ./Libraries/panstamp/swpacket.cpp.o ./Libraries/panstamp/swquery.cpp.o ./Libraries/panstamp/swstatus.cpp.o  ./Libraries/EEPROM/EEPROM.cpp.o  ./Command.cpp.o ./Communicator.cpp.o ./Control.cpp.o   /home/ensab/Panstamp/WiControl/Control/Release/arduino.ar   "/home/ensab/Panstamp/WiControl/Control/Release/arduino.ar" "-L/home/ensab/Panstamp/WiControl/Control/Release" -lm
Finished building: Control.elf
 
Create eeprom image
"/usr/local/arduino-1.5.2/hardware/tools/avr/bin/avr-objcopy" -O ihex -j .eeprom --set-section-flags=.eeprom=alloc,load --no-change-warnings --change-section-lma .eeprom=0 "/home/ensab/Panstamp/WiControl/Control/Release/Control.elf" "/home/ensab/Panstamp/WiControl/Control/Release/Control.eep"
Finished building: Control.eep
 
Create Flash image (ihex format)
"/usr/local/arduino-1.5.2/hardware/tools/avr/bin/avr-objcopy" -O ihex -R .eeprom "/home/ensab/Panstamp/WiControl/Control/Release/Control.elf" "/home/ensab/Panstamp/WiControl/Control/Release/Control.hex"
Finished building: Release/Control.hex
 
Building target: Control
Printing size:
"/usr/local/arduino-1.5.2/hardware/tools/avr/bin/avr-size" -A "/home/ensab/Panstamp/WiControl/Control/Release/Control.hex"
/home/ensab/Panstamp/WiControl/Control/Release/Control.hex  :
section   size   addr
.sec1   6578      0
Total   6578


Finished building target: Control
 
23:15:43 **** Incremental Build of configuration Release for project Control ****
make all 
Building file: ../Control.cpp
Starting C++ compile
"/usr/local/arduino-1.5.2/hardware/tools/avr/bin/avr-g++" -c -g -Os -w -fno-exceptions -ffunction-sections -fdata-sections -MMD -mmcu=atmega328p -DF_CPU=8000000L -DARDUINO=152    -I"/usr/local/arduino-1.5.2/hardware/arduino/avr/cores/arduino" -I"/usr/local/arduino-1.5.2/hardware/arduino/avr/variants/standard" -I"/usr/local/arduino-1.0.5/libraries/EEPROM" -I"/usr/local/arduino-1.0.5/libraries/panstamp" -MMD -MP -MF"Control.cpp.d" -MT"Control.cpp.d" -x c++ "../Control.cpp"  -o  "Control.cpp.o"
Finished building: ../Control.cpp
 
Starting combiner
"/usr/local/arduino-1.5.2/hardware/tools/avr/bin/avr-gcc" -Os -Wl,--gc-sections -mmcu=atmega328p -o "/home/ensab/Panstamp/WiControl/Control/Release/Control.elf"    ./Libraries/panstamp/calibration.cpp.o ./Libraries/panstamp/cc1101.cpp.o ./Libraries/panstamp/panstamp.cpp.o ./Libraries/panstamp/register.cpp.o ./Libraries/panstamp/repeater.cpp.o ./Libraries/panstamp/spi.cpp.o ./Libraries/panstamp/swcommand.cpp.o ./Libraries/panstamp/swpacket.cpp.o ./Libraries/panstamp/swquery.cpp.o ./Libraries/panstamp/swstatus.cpp.o  ./Libraries/EEPROM/EEPROM.cpp.o  ./Command.cpp.o ./Communicator.cpp.o ./Control.cpp.o   /home/ensab/Panstamp/WiControl/Control/Release/arduino.ar   "/home/ensab/Panstamp/WiControl/Control/Release/arduino.ar" "-L/home/ensab/Panstamp/WiControl/Control/Release" -lm
Finished building: Control.elf
 
Create eeprom image
"/usr/local/arduino-1.5.2/hardware/tools/avr/bin/avr-objcopy" -O ihex -j .eeprom --set-section-flags=.eeprom=alloc,load --no-change-warnings --change-section-lma .eeprom=0 "/home/ensab/Panstamp/WiControl/Control/Release/Control.elf" "/home/ensab/Panstamp/WiControl/Control/Release/Control.eep"
Finished building: Control.eep
 
Create Flash image (ihex format)
"/usr/local/arduino-1.5.2/hardware/tools/avr/bin/avr-objcopy" -O ihex -R .eeprom "/home/ensab/Panstamp/WiControl/Control/Release/Control.elf" "/home/ensab/Panstamp/WiControl/Control/Release/Control.hex"
Finished building: Release/Control.hex
 
Building target: Control
Printing size:
"/usr/local/arduino-1.5.2/hardware/tools/avr/bin/avr-size" -A "/home/ensab/Panstamp/WiControl/Control/Release/Control.hex"
/home/ensab/Panstamp/WiControl/Control/Release/Control.hex  :
section   size   addr
.sec1   6578      0
Total   6578


Finished building target: Control
 
