17:56:36 **** Incremental Build of configuration Debug for project Host-software ****
make all 
Building file: ../src/HeatProfile.cpp
Invoking: Cross G++ Compiler
g++ -I/usr/lib -O0 -g3 -Wall -c -fmessage-length=0 -MMD -MP -MF"src/HeatProfile.d" -MT"src/HeatProfile.d" -o "src/HeatProfile.o" "../src/HeatProfile.cpp"
../src/HeatProfile.cpp: In member function ‘float HeatProfile::Temperature(tm*)’:
../src/HeatProfile.cpp:76:46: warning: deprecated conversion from string constant to ‘char*’ [-Wwrite-strings]
Finished building: ../src/HeatProfile.cpp
 
Building file: ../src/Heating.cpp
Invoking: Cross G++ Compiler
g++ -I/usr/lib -O0 -g3 -Wall -c -fmessage-length=0 -MMD -MP -MF"src/Heating.d" -MT"src/Heating.d" -o "src/Heating.o" "../src/Heating.cpp"
../src/Heating.cpp: In function ‘int main(int, char**)’:
../src/Heating.cpp:111:58: warning: deprecated conversion from string constant to ‘char*’ [-Wwrite-strings]
../src/Heating.cpp:111:58: warning: deprecated conversion from string constant to ‘char*’ [-Wwrite-strings]
Finished building: ../src/Heating.cpp
 
Building file: ../src/Line.cpp
Invoking: Cross G++ Compiler
g++ -I/usr/lib -O0 -g3 -Wall -c -fmessage-length=0 -MMD -MP -MF"src/Line.d" -MT"src/Line.d" -o "src/Line.o" "../src/Line.cpp"
../src/Line.cpp: In constructor ‘Line::Line(char*)’:
../src/Line.cpp:15:31: warning: deprecated conversion from string constant to ‘char*’ [-Wwrite-strings]
../src/Line.cpp:25:39: warning: deprecated conversion from string constant to ‘char*’ [-Wwrite-strings]
../src/Line.cpp:34:44: warning: deprecated conversion from string constant to ‘char*’ [-Wwrite-strings]
../src/Line.cpp:43:32: warning: deprecated conversion from string constant to ‘char*’ [-Wwrite-strings]
../src/Line.cpp:52:45: warning: deprecated conversion from string constant to ‘char*’ [-Wwrite-strings]
Finished building: ../src/Line.cpp
 
Building file: ../src/Wireless.cpp
Invoking: Cross G++ Compiler
g++ -I/usr/lib -O0 -g3 -Wall -c -fmessage-length=0 -MMD -MP -MF"src/Wireless.d" -MT"src/Wireless.d" -o "src/Wireless.o" "../src/Wireless.cpp"
../src/Line.cpp:61:47: warning: deprecated conversion from string constant to ‘char*’ [-Wwrite-strings]
../src/Wireless.cpp: In member function ‘bool Wireless::GetTemperature(int, float, char*, float&)’:
../src/Wireless.cpp:22:22: warning: deprecated conversion from string constant to ‘char*’ [-Wwrite-strings]
../src/Wireless.cpp: In member function ‘void Wireless::SetHeatOn(int)’:
../src/Wireless.cpp:75:22: warning: deprecated conversion from string constant to ‘char*’ [-Wwrite-strings]
../src/Wireless.cpp: In member function ‘void Wireless::SetHeatOff(int)’:
../src/Wireless.cpp:85:22: warning: deprecated conversion from string constant to ‘char*’ [-Wwrite-strings]
Finished building: ../src/Wireless.cpp
 
Building target: Host-software
Invoking: Cross G++ Linker
g++ -L/usr/lib -o "Host-software"  ./src/HeatProfile.o ./src/Heating.o ./src/Line.o ./src/Wireless.o   -lserial
Finished building target: Host-software
 

17:56:40 Build Finished (took 3s.622ms)

